Build started 3/1/2015 3:42:24 PM.
     1>Project "Z:\Google Drive\Programming Work\C++\Program 1 (Deb)\coding_excercise-3\coding_excercise-3\coding_excercise-3.vcxproj" on node 2 (Build target(s)).
     1>ClCompile:
         C:\Program Files (x86)\Microsoft Visual Studio 12.0\VC\bin\CL.exe /c /ZI /nologo /W3 /WX- /sdl /Od /Oy- /D WIN32 /D _DEBUG /D _CONSOLE /D _LIB /D _UNICODE /D UNICODE /Gm /EHsc /RTC1 /MDd /GS /fp:precise /Zc:wchar_t /Zc:forScope /Yu"stdafx.h" /Fp"Debug\coding_excercise-3.pch" /Fo"Debug\\" /Fd"Debug\vc120.pdb" /Gd /TP /analyze- /errorReport:prompt "coding_excercise-3.cpp"
         coding_excercise-3.cpp
     1>z:\google drive\programming work\c++\program 1 (deb)\coding_excercise-3\coding_excercise-3\coding_excercise-3.cpp(107): warning C4129: '/' : unrecognized character escape sequence
     1>z:\google drive\programming work\c++\program 1 (deb)\coding_excercise-3\coding_excercise-3\coding_excercise-3.cpp(110): warning C4129: ' ' : unrecognized character escape sequence
     1>z:\google drive\programming work\c++\program 1 (deb)\coding_excercise-3\coding_excercise-3\coding_excercise-3.cpp(112): warning C4129: '/' : unrecognized character escape sequence
     1>z:\google drive\programming work\c++\program 1 (deb)\coding_excercise-3\coding_excercise-3\coding_excercise-3.cpp(112): warning C4129: ' ' : unrecognized character escape sequence
     1>z:\google drive\programming work\c++\program 1 (deb)\coding_excercise-3\coding_excercise-3\coding_excercise-3.cpp(113): warning C4129: ' ' : unrecognized character escape sequence
     1>z:\google drive\programming work\c++\program 1 (deb)\coding_excercise-3\coding_excercise-3\coding_excercise-3.cpp(114): warning C4129: ' ' : unrecognized character escape sequence
     1>z:\google drive\programming work\c++\program 1 (deb)\coding_excercise-3\coding_excercise-3\coding_excercise-3.cpp(114): warning C4129: '|' : unrecognized character escape sequence
     1>z:\google drive\programming work\c++\program 1 (deb)\coding_excercise-3\coding_excercise-3\coding_excercise-3.cpp(115): warning C4129: '_' : unrecognized character escape sequence
     1>z:\google drive\programming work\c++\program 1 (deb)\coding_excercise-3\coding_excercise-3\coding_excercise-3.cpp(273): warning C4101: 'discount' : unreferenced local variable
     1>z:\google drive\programming work\c++\program 1 (deb)\coding_excercise-3\coding_excercise-3\coding_excercise-3.cpp(471): warning C4101: 'gas' : unreferenced local variable
       Link:
         C:\Program Files (x86)\Microsoft Visual Studio 12.0\VC\bin\link.exe /ERRORREPORT:PROMPT /OUT:"Z:\Google Drive\Programming Work\C++\Program 1 (Deb)\coding_excercise-3\Debug\coding_excercise-3.exe" /INCREMENTAL /NOLOGO kernel32.lib user32.lib gdi32.lib winspool.lib comdlg32.lib advapi32.lib shell32.lib ole32.lib oleaut32.lib uuid.lib odbc32.lib odbccp32.lib /MANIFEST /MANIFESTUAC:"level='asInvoker' uiAccess='false'" /manifest:embed /DEBUG /PDB:"Z:\Google Drive\Programming Work\C++\Program 1 (Deb)\coding_excercise-3\Debug\coding_excercise-3.pdb" /SUBSYSTEM:CONSOLE /TLBID:1 /DYNAMICBASE /NXCOMPAT /IMPLIB:"Z:\Google Drive\Programming Work\C++\Program 1 (Deb)\coding_excercise-3\Debug\coding_excercise-3.lib" /MACHINE:X86 "Debug\coding_excercise-3.obj"
         Debug\stdafx.obj
         coding_excercise-3.vcxproj -> Z:\Google Drive\Programming Work\C++\Program 1 (Deb)\coding_excercise-3\Debug\coding_excercise-3.exe
     1>Done Building Project "Z:\Google Drive\Programming Work\C++\Program 1 (Deb)\coding_excercise-3\coding_excercise-3\coding_excercise-3.vcxproj" (Build target(s)).

Build succeeded.

Time Elapsed 00:00:01.24
